<?xml version="1.0" encoding="UTF-8"?>
<!-- Generated by org.testng.reporters.JUnitXMLReporter -->
<testsuite hostname="DESKTOP-MUR13HT" ignored="0" name="Command line test" tests="6" failures="0" timestamp="2022-05-29T04:34:37 CDT" time="46.277" errors="0">
  <testcase name="ComfyEliteContactUsPage" time="1.551" classname="scripts.TestCase1"/>
  <testcase name="ComfyEliteConnectWithUs" time="1.775" classname="scripts.TestCase2"/>
  <testcase name="ComfyEliteContactUs" time="1.679" classname="scripts.TestCase3"/>
  <testcase name="ComfyEliteSendMsgForm" time="2.659" classname="scripts.TestCase4"/>
  <testcase name="ComfyEliteContactUsPageSignUp" time="5.734" classname="scripts.TestCase5"/>
  <testcase name="ComfyEliteContactUsPageSendButton" time="1.642" classname="scripts.TestCase6"/>
</testsuite> <!-- Command line test -->
